/*C1*/SET SCHEMA PUBLIC
CONNECT USER SA
SET AUTOCOMMIT FALSE
DISCONNECT
/*C2*/SET SCHEMA PUBLIC
CONNECT USER SA
SET AUTOCOMMIT FALSE
SET AUTOCOMMIT TRUE
/*C3*/SET SCHEMA PUBLIC
CONNECT USER SA
SET AUTOCOMMIT FALSE
DISCONNECT
/*C2*/SET AUTOCOMMIT FALSE
DISCONNECT
/*C4*/SET SCHEMA PUBLIC
CONNECT USER SA
/*C5*/SET SCHEMA PUBLIC
CONNECT USER SA
DISCONNECT
/*C4*/DISCONNECT
/*C6*/SET SCHEMA PUBLIC
CONNECT USER SA
/*C7*/SET SCHEMA PUBLIC
CONNECT USER SA
DISCONNECT
/*C6*/DISCONNECT
/*C8*/SET SCHEMA PUBLIC
CONNECT USER SA
/*C9*/SET SCHEMA PUBLIC
CONNECT USER SA
DISCONNECT
/*C8*/DISCONNECT
/*C10*/SET SCHEMA PUBLIC
CONNECT USER SA
/*C11*/SET SCHEMA PUBLIC
CONNECT USER SA
DISCONNECT
/*C10*/DISCONNECT
/*C12*/SET SCHEMA PUBLIC
CONNECT USER SA
/*C13*/SET SCHEMA PUBLIC
CONNECT USER SA
DISCONNECT
/*C12*/DISCONNECT
/*C14*/SET SCHEMA PUBLIC
CONNECT USER SA
/*C15*/SET SCHEMA PUBLIC
CONNECT USER SA
DISCONNECT
/*C14*/DISCONNECT
/*C16*/SET SCHEMA PUBLIC
CONNECT USER SA
/*C17*/SET SCHEMA PUBLIC
CONNECT USER SA
/*C18*/SET SCHEMA PUBLIC
CONNECT USER SA
/*C17*/DISCONNECT
/*C18*/DISCONNECT
/*C16*/DISCONNECT
/*C19*/SET SCHEMA PUBLIC
CONNECT USER SA
INSERT INTO CARTITEM VALUES('3','3DD2CB9E728C6D8E59F1E92660E89BF3',1,0.0E0,0)
/*C20*/SET SCHEMA PUBLIC
CONNECT USER SA
DISCONNECT
/*C19*/DISCONNECT
/*C21*/SET SCHEMA PUBLIC
CONNECT USER SA
INSERT INTO CARTITEM VALUES('4','3DD2CB9E728C6D8E59F1E92660E89BF3',1,0.0E0,1)
/*C22*/SET SCHEMA PUBLIC
CONNECT USER SA
DISCONNECT
/*C21*/DISCONNECT
/*C23*/SET SCHEMA PUBLIC
CONNECT USER SA
/*C24*/SET SCHEMA PUBLIC
CONNECT USER SA
DISCONNECT
/*C23*/DISCONNECT
/*C25*/SET SCHEMA PUBLIC
CONNECT USER SA
/*C26*/SET SCHEMA PUBLIC
CONNECT USER SA
DISCONNECT
/*C25*/DISCONNECT
/*C27*/SET SCHEMA PUBLIC
CONNECT USER SA
/*C28*/SET SCHEMA PUBLIC
CONNECT USER SA
DISCONNECT
/*C27*/DISCONNECT
/*C29*/SET SCHEMA PUBLIC
CONNECT USER SA
/*C30*/SET SCHEMA PUBLIC
CONNECT USER SA
DISCONNECT
/*C29*/DISCONNECT
/*C31*/SET SCHEMA PUBLIC
CONNECT USER SA
DISCONNECT
/*C32*/SET SCHEMA PUBLIC
CONNECT USER SA
/*C33*/SET SCHEMA PUBLIC
CONNECT USER SA
DISCONNECT
/*C32*/DISCONNECT
/*C34*/SET SCHEMA PUBLIC
CONNECT USER SA
DISCONNECT
/*C35*/SET SCHEMA PUBLIC
CONNECT USER SA
/*C36*/SET SCHEMA PUBLIC
CONNECT USER SA
/*C37*/SET SCHEMA PUBLIC
CONNECT USER SA
/*C38*/SET SCHEMA PUBLIC
CONNECT USER SA
/*C37*/DISCONNECT
/*C35*/DISCONNECT
/*C38*/DISCONNECT
/*C36*/DISCONNECT
/*C39*/SET SCHEMA PUBLIC
CONNECT USER SA
/*C40*/SET SCHEMA PUBLIC
CONNECT USER SA
DISCONNECT
/*C39*/DISCONNECT
/*C41*/SET SCHEMA PUBLIC
CONNECT USER SA
/*C42*/SET SCHEMA PUBLIC
CONNECT USER SA
DISCONNECT
/*C41*/DISCONNECT
/*C43*/SET SCHEMA PUBLIC
CONNECT USER SA
/*C44*/SET SCHEMA PUBLIC
CONNECT USER SA
DISCONNECT
/*C43*/DISCONNECT
